==641153== Memcheck, a memory error detector
==641153== Copyright (C) 2002-2017, and GNU GPL'd, by Julian Seward et al.
==641153== Using Valgrind-3.15.0 and LibVEX; rerun with -h for copyright info
==641153== Command: ./test2
==641153== Parent PID: 641139
==641153== 
==641153== Conditional jump or move depends on uninitialised value(s)
==641153==    at 0x498A402: std::ostreambuf_iterator<char, std::char_traits<char> > std::num_put<char, std::ostreambuf_iterator<char, std::char_traits<char> > >::_M_insert_int<long>(std::ostreambuf_iterator<char, std::char_traits<char> >, std::ios_base&, char, long) const (in /usr/lib/x86_64-linux-gnu/libstdc++.so.6.0.28)
==641153==    by 0x4998D5E: std::ostream& std::ostream::_M_insert<long>(long) (in /usr/lib/x86_64-linux-gnu/libstdc++.so.6.0.28)
==641153==    by 0x4013C1: debug(ft::vector<int, std::allocator<int> >&) (test2.cpp:18)
==641153==    by 0x402591: test_insert() (test2.cpp:132)
==641153==    by 0x40261C: ft_test_iterator() (test2.cpp:156)
==641153==    by 0x402628: main (test2.cpp:160)
==641153==  Uninitialised value was created by a heap allocation
==641153==    at 0x483BE63: operator new(unsigned long) (in /usr/lib/x86_64-linux-gnu/valgrind/vgpreload_memcheck-amd64-linux.so)
==641153==    by 0x402F36: __gnu_cxx::new_allocator<int>::allocate(unsigned long, void const*) (new_allocator.h:115)
==641153==    by 0x40318C: ft::vector<int, std::allocator<int> >::reserve(unsigned long) (vector.hpp:327)
==641153==    by 0x402DAB: ft::vector<int, std::allocator<int> >::insert(int*, int const&) (vector.hpp:267)
==641153==    by 0x402574: test_insert() (test2.cpp:130)
==641153==    by 0x40261C: ft_test_iterator() (test2.cpp:156)
==641153==    by 0x402628: main (test2.cpp:160)
==641153== 
==641153== Use of uninitialised value of size 8
==641153==    at 0x498A10B: ??? (in /usr/lib/x86_64-linux-gnu/libstdc++.so.6.0.28)
==641153==    by 0x498A42C: std::ostreambuf_iterator<char, std::char_traits<char> > std::num_put<char, std::ostreambuf_iterator<char, std::char_traits<char> > >::_M_insert_int<long>(std::ostreambuf_iterator<char, std::char_traits<char> >, std::ios_base&, char, long) const (in /usr/lib/x86_64-linux-gnu/libstdc++.so.6.0.28)
==641153==    by 0x4998D5E: std::ostream& std::ostream::_M_insert<long>(long) (in /usr/lib/x86_64-linux-gnu/libstdc++.so.6.0.28)
==641153==    by 0x4013C1: debug(ft::vector<int, std::allocator<int> >&) (test2.cpp:18)
==641153==    by 0x402591: test_insert() (test2.cpp:132)
==641153==    by 0x40261C: ft_test_iterator() (test2.cpp:156)
==641153==    by 0x402628: main (test2.cpp:160)
==641153==  Uninitialised value was created by a heap allocation
==641153==    at 0x483BE63: operator new(unsigned long) (in /usr/lib/x86_64-linux-gnu/valgrind/vgpreload_memcheck-amd64-linux.so)
==641153==    by 0x402F36: __gnu_cxx::new_allocator<int>::allocate(unsigned long, void const*) (new_allocator.h:115)
==641153==    by 0x40318C: ft::vector<int, std::allocator<int> >::reserve(unsigned long) (vector.hpp:327)
==641153==    by 0x402DAB: ft::vector<int, std::allocator<int> >::insert(int*, int const&) (vector.hpp:267)
==641153==    by 0x402574: test_insert() (test2.cpp:130)
==641153==    by 0x40261C: ft_test_iterator() (test2.cpp:156)
==641153==    by 0x402628: main (test2.cpp:160)
==641153== 
==641153== Conditional jump or move depends on uninitialised value(s)
==641153==    at 0x498A11D: ??? (in /usr/lib/x86_64-linux-gnu/libstdc++.so.6.0.28)
==641153==    by 0x498A42C: std::ostreambuf_iterator<char, std::char_traits<char> > std::num_put<char, std::ostreambuf_iterator<char, std::char_traits<char> > >::_M_insert_int<long>(std::ostreambuf_iterator<char, std::char_traits<char> >, std::ios_base&, char, long) const (in /usr/lib/x86_64-linux-gnu/libstdc++.so.6.0.28)
==641153==    by 0x4998D5E: std::ostream& std::ostream::_M_insert<long>(long) (in /usr/lib/x86_64-linux-gnu/libstdc++.so.6.0.28)
==641153==    by 0x4013C1: debug(ft::vector<int, std::allocator<int> >&) (test2.cpp:18)
==641153==    by 0x402591: test_insert() (test2.cpp:132)
==641153==    by 0x40261C: ft_test_iterator() (test2.cpp:156)
==641153==    by 0x402628: main (test2.cpp:160)
==641153==  Uninitialised value was created by a heap allocation
==641153==    at 0x483BE63: operator new(unsigned long) (in /usr/lib/x86_64-linux-gnu/valgrind/vgpreload_memcheck-amd64-linux.so)
==641153==    by 0x402F36: __gnu_cxx::new_allocator<int>::allocate(unsigned long, void const*) (new_allocator.h:115)
==641153==    by 0x40318C: ft::vector<int, std::allocator<int> >::reserve(unsigned long) (vector.hpp:327)
==641153==    by 0x402DAB: ft::vector<int, std::allocator<int> >::insert(int*, int const&) (vector.hpp:267)
==641153==    by 0x402574: test_insert() (test2.cpp:130)
==641153==    by 0x40261C: ft_test_iterator() (test2.cpp:156)
==641153==    by 0x402628: main (test2.cpp:160)
==641153== 
==641153== Conditional jump or move depends on uninitialised value(s)
==641153==    at 0x498A462: std::ostreambuf_iterator<char, std::char_traits<char> > std::num_put<char, std::ostreambuf_iterator<char, std::char_traits<char> > >::_M_insert_int<long>(std::ostreambuf_iterator<char, std::char_traits<char> >, std::ios_base&, char, long) const (in /usr/lib/x86_64-linux-gnu/libstdc++.so.6.0.28)
==641153==    by 0x4998D5E: std::ostream& std::ostream::_M_insert<long>(long) (in /usr/lib/x86_64-linux-gnu/libstdc++.so.6.0.28)
==641153==    by 0x4013C1: debug(ft::vector<int, std::allocator<int> >&) (test2.cpp:18)
==641153==    by 0x402591: test_insert() (test2.cpp:132)
==641153==    by 0x40261C: ft_test_iterator() (test2.cpp:156)
==641153==    by 0x402628: main (test2.cpp:160)
==641153==  Uninitialised value was created by a heap allocation
==641153==    at 0x483BE63: operator new(unsigned long) (in /usr/lib/x86_64-linux-gnu/valgrind/vgpreload_memcheck-amd64-linux.so)
==641153==    by 0x402F36: __gnu_cxx::new_allocator<int>::allocate(unsigned long, void const*) (new_allocator.h:115)
==641153==    by 0x40318C: ft::vector<int, std::allocator<int> >::reserve(unsigned long) (vector.hpp:327)
==641153==    by 0x402DAB: ft::vector<int, std::allocator<int> >::insert(int*, int const&) (vector.hpp:267)
==641153==    by 0x402574: test_insert() (test2.cpp:130)
==641153==    by 0x40261C: ft_test_iterator() (test2.cpp:156)
==641153==    by 0x402628: main (test2.cpp:160)
==641153== 
==641153== 
==641153== HEAP SUMMARY:
==641153==     in use at exit: 0 bytes in 0 blocks
==641153==   total heap usage: 60 allocs, 60 frees, 82,344 bytes allocated
==641153== 
==641153== All heap blocks were freed -- no leaks are possible
==641153== 
==641153== For lists of detected and suppressed errors, rerun with: -s
==641153== ERROR SUMMARY: 4 errors from 4 contexts (suppressed: 0 from 0)
